# JRE version: OpenJDK Runtime Environment (8.0_242-b01) (build 1.8.0_242-release-1644-b01)
# Java VM: OpenJDK 64-Bit Server VM (25.242-b01 mixed mode windows-amd64 compressed oops)
Heap:
 PSYoungGen      total 140800K, used 119360K [0x00000000d5580000, 0x00000000dea00000, 0x0000000100000000)
  eden space 129536K, 92% used [0x00000000d5580000,0x00000000dca10338,0x00000000dd400000)
  from space 11264K, 0% used [0x00000000dd400000,0x00000000dd400000,0x00000000ddf00000)
  to   space 9216K, 0% used [0x00000000de100000,0x00000000de100000,0x00000000dea00000)
 ParOldGen       total 65024K, used 17113K [0x0000000080000000, 0x0000000083f80000, 0x00000000d5580000)
  object space 65024K, 26% used [0x0000000080000000,0x00000000810b6488,0x0000000083f80000)
 Metaspace       used 39035K, capacity 40788K, committed 41128K, reserved 1085440K
  class space    used 5399K, capacity 5752K, committed 5808K, reserved 1048576K
GC Heap History (10 events):
Event: 5.789 GC heap before
{Heap before GC invocations=7 (full 0):
 PSYoungGen      total 76288K, used 9624K [0x00000000d5580000, 0x00000000dab80000, 0x0000000100000000)
  eden space 66048K, 1% used [0x00000000d5580000,0x00000000d5682490,0x00000000d9600000)
  from space 10240K, 83% used [0x00000000da080000,0x00000000da8e3ec8,0x00000000daa80000)
  to   space 10752K, 0% used [0x00000000d9600000,0x00000000d9600000,0x00000000da080000)
 ParOldGen       total 87552K, used 6754K [0x0000000080000000, 0x0000000085580000, 0x00000000d5580000)
  object space 87552K, 7% used [0x0000000080000000,0x00000000806988a0,0x0000000085580000)
 Metaspace       used 20559K, capacity 21212K, committed 21296K, reserved 1067008K
  class space    used 2873K, capacity 3076K, committed 3120K, reserved 1048576K
Event: 5.821 GC heap after
Heap after GC invocations=7 (full 0):
 PSYoungGen      total 76800K, used 3780K [0x00000000d5580000, 0x00000000deb80000, 0x0000000100000000)
  eden space 66048K, 0% used [0x00000000d5580000,0x00000000d5580000,0x00000000d9600000)
  from space 10752K, 35% used [0x00000000d9600000,0x00000000d99b1050,0x00000000da080000)
  to   space 10752K, 0% used [0x00000000de100000,0x00000000de100000,0x00000000deb80000)
 ParOldGen       total 87552K, used 9010K [0x0000000080000000, 0x0000000085580000, 0x00000000d5580000)
  object space 87552K, 10% used [0x0000000080000000,0x00000000808cc8f0,0x0000000085580000)
 Metaspace       used 20559K, capacity 21212K, committed 21296K, reserved 1067008K
  class space    used 2873K, capacity 3076K, committed 3120K, reserved 1048576K
}
Event: 5.821 GC heap before
{Heap before GC invocations=8 (full 1):
 PSYoungGen      total 76800K, used 3780K [0x00000000d5580000, 0x00000000deb80000, 0x0000000100000000)
  eden space 66048K, 0% used [0x00000000d5580000,0x00000000d5580000,0x00000000d9600000)
  from space 10752K, 35% used [0x00000000d9600000,0x00000000d99b1050,0x00000000da080000)
  to   space 10752K, 0% used [0x00000000de100000,0x00000000de100000,0x00000000deb80000)
 ParOldGen       total 87552K, used 9010K [0x0000000080000000, 0x0000000085580000, 0x00000000d5580000)
  object space 87552K, 10% used [0x0000000080000000,0x00000000808cc8f0,0x0000000085580000)
 Metaspace       used 20559K, capacity 21212K, committed 21296K, reserved 1067008K
  class space    used 2873K, capacity 3076K, committed 3120K, reserved 1048576K
Event: 5.858 GC heap after
Heap after GC invocations=8 (full 1):
 PSYoungGen      total 76800K, used 0K [0x00000000d5580000, 0x00000000deb80000, 0x0000000100000000)
  eden space 66048K, 0% used [0x00000000d5580000,0x00000000d5580000,0x00000000d9600000)
  from space 10752K, 0% used [0x00000000d9600000,0x00000000d9600000,0x00000000da080000)
  to   space 10752K, 0% used [0x00000000de100000,0x00000000de100000,0x00000000deb80000)
 ParOldGen       total 45568K, used 6629K [0x0000000080000000, 0x0000000082c80000, 0x00000000d5580000)
  object space 45568K, 14% used [0x0000000080000000,0x0000000080679500,0x0000000082c80000)
 Metaspace       used 20559K, capacity 21212K, committed 21296K, reserved 1067008K
  class space    used 2873K, capacity 3076K, committed 3120K, reserved 1048576K
}
Event: 6.813 GC heap before
{Heap before GC invocations=9 (full 1):
 PSYoungGen      total 76800K, used 66048K [0x00000000d5580000, 0x00000000deb80000, 0x0000000100000000)
  eden space 66048K, 100% used [0x00000000d5580000,0x00000000d9600000,0x00000000d9600000)
  from space 10752K, 0% used [0x00000000d9600000,0x00000000d9600000,0x00000000da080000)
  to   space 10752K, 0% used [0x00000000de100000,0x00000000de100000,0x00000000deb80000)
 ParOldGen       total 45568K, used 6629K [0x0000000080000000, 0x0000000082c80000, 0x00000000d5580000)
  object space 45568K, 14% used [0x0000000080000000,0x0000000080679500,0x0000000082c80000)
 Metaspace       used 28765K, capacity 29594K, committed 29872K, reserved 1075200K
  class space    used 3984K, capacity 4221K, committed 4272K, reserved 1048576K
Event: 6.826 GC heap after
Heap after GC invocations=9 (full 1):
 PSYoungGen      total 138752K, used 8587K [0x00000000d5580000, 0x00000000dea00000, 0x0000000100000000)
  eden space 129536K, 0% used [0x00000000d5580000,0x00000000d5580000,0x00000000dd400000)
  from space 9216K, 93% used [0x00000000de100000,0x00000000de962dc8,0x00000000dea00000)
  to   space 11264K, 0% used [0x00000000dd400000,0x00000000dd400000,0x00000000ddf00000)
 ParOldGen       total 45568K, used 6637K [0x0000000080000000, 0x0000000082c80000, 0x00000000d5580000)
  object space 45568K, 14% used [0x0000000080000000,0x000000008067b500,0x0000000082c80000)
 Metaspace       used 28765K, capacity 29594K, committed 29872K, reserved 1075200K
  class space    used 3984K, capacity 4221K, committed 4272K, reserved 1048576K
}
Event: 7.867 GC heap before
{Heap before GC invocations=10 (full 1):
 PSYoungGen      total 138752K, used 101312K [0x00000000d5580000, 0x00000000dea00000, 0x0000000100000000)
  eden space 129536K, 71% used [0x00000000d5580000,0x00000000db00d580,0x00000000dd400000)
  from space 9216K, 93% used [0x00000000de100000,0x00000000de962dc8,0x00000000dea00000)
  to   space 11264K, 0% used [0x00000000dd400000,0x00000000dd400000,0x00000000ddf00000)
 ParOldGen       total 45568K, used 6637K [0x0000000080000000, 0x0000000082c80000, 0x00000000d5580000)
  object space 45568K, 14% used [0x0000000080000000,0x000000008067b500,0x0000000082c80000)
 Metaspace       used 34232K, capacity 35400K, committed 35496K, reserved 1079296K
  class space    used 4713K, capacity 5001K, committed 5040K, reserved 1048576K
Event: 7.886 GC heap after
Heap after GC invocations=10 (full 1):
 PSYoungGen      total 140800K, used 10946K [0x00000000d5580000, 0x00000000dea00000, 0x0000000100000000)
  eden space 129536K, 0% used [0x00000000d5580000,0x00000000d5580000,0x00000000dd400000)
  from space 11264K, 97% used [0x00000000dd400000,0x00000000ddeb0aa0,0x00000000ddf00000)
  to   space 9216K, 0% used [0x00000000de100000,0x00000000de100000,0x00000000dea00000)
 ParOldGen       total 45568K, used 6645K [0x0000000080000000, 0x0000000082c80000, 0x00000000d5580000)
  object space 45568K, 14% used [0x0000000080000000,0x000000008067d500,0x0000000082c80000)
 Metaspace       used 34232K, capacity 35400K, committed 35496K, reserved 1079296K
  class space    used 4713K, capacity 5001K, committed 5040K, reserved 1048576K
}
Event: 7.886 GC heap before
{Heap before GC invocations=11 (full 2):
 PSYoungGen      total 140800K, used 10946K [0x00000000d5580000, 0x00000000dea00000, 0x0000000100000000)
  eden space 129536K, 0% used [0x00000000d5580000,0x00000000d5580000,0x00000000dd400000)
  from space 11264K, 97% used [0x00000000dd400000,0x00000000ddeb0aa0,0x00000000ddf00000)
  to   space 9216K, 0% used [0x00000000de100000,0x00000000de100000,0x00000000dea00000)
 ParOldGen       total 45568K, used 6645K [0x0000000080000000, 0x0000000082c80000, 0x00000000d5580000)
  object space 45568K, 14% used [0x0000000080000000,0x000000008067d500,0x0000000082c80000)
 Metaspace       used 34232K, capacity 35400K, committed 35496K, reserved 1079296K
  class space    used 4713K, capacity 5001K, committed 5040K, reserved 1048576K
Event: 8.048 GC heap after
Heap after GC invocations=11 (full 2):
 PSYoungGen      total 140800K, used 0K [0x00000000d5580000, 0x00000000dea00000, 0x0000000100000000)
  eden space 129536K, 0% used [0x00000000d5580000,0x00000000d5580000,0x00000000dd400000)
  from space 11264K, 0% used [0x00000000dd400000,0x00000000dd400000,0x00000000ddf00000)
  to   space 9216K, 0% used [0x00000000de100000,0x00000000de100000,0x00000000dea00000)
 ParOldGen       total 65024K, used 17113K [0x0000000080000000, 0x0000000083f80000, 0x00000000d5580000)
  object space 65024K, 26% used [0x0000000080000000,0x00000000810b6488,0x0000000083f80000)
 Metaspace       used 34232K, capacity 35400K, committed 35496K, reserved 1079296K
  class space    used 4713K, capacity 5001K, committed 5040K, reserved 1048576K
}

