# JRE version: OpenJDK Runtime Environment (8.0_242-b01) (build 1.8.0_242-release-1644-b01)
# Java VM: OpenJDK 64-Bit Server VM (25.242-b01 mixed mode windows-amd64 compressed oops)
Heap:
 PSYoungGen      total 113152K, used 76318K [0x00000000d5580000, 0x00000000dd080000, 0x0000000100000000)
  eden space 102400K, 74% used [0x00000000d5580000,0x00000000da007848,0x00000000db980000)
  from space 10752K, 0% used [0x00000000dc600000,0x00000000dc600000,0x00000000dd080000)
  to   space 11776K, 0% used [0x00000000db980000,0x00000000db980000,0x00000000dc500000)
 ParOldGen       total 63488K, used 14486K [0x0000000080000000, 0x0000000083e00000, 0x00000000d5580000)
  object space 63488K, 22% used [0x0000000080000000,0x0000000080e25958,0x0000000083e00000)
 Metaspace       used 36423K, capacity 37908K, committed 38184K, reserved 1081344K
  class space    used 5025K, capacity 5353K, committed 5424K, reserved 1048576K
GC Heap History (10 events):
Event: 5.962 GC heap before
{Heap before GC invocations=8 (full 1):
 PSYoungGen      total 76800K, used 3796K [0x00000000d5580000, 0x00000000dac80000, 0x0000000100000000)
  eden space 65536K, 0% used [0x00000000d5580000,0x00000000d5580000,0x00000000d9580000)
  from space 11264K, 33% used [0x00000000d9580000,0x00000000d9935040,0x00000000da080000)
  to   space 10240K, 0% used [0x00000000da080000,0x00000000da080000,0x00000000daa80000)
 ParOldGen       total 87552K, used 9013K [0x0000000080000000, 0x0000000085580000, 0x00000000d5580000)
  object space 87552K, 10% used [0x0000000080000000,0x00000000808cd520,0x0000000085580000)
 Metaspace       used 20566K, capacity 21212K, committed 21296K, reserved 1067008K
  class space    used 2872K, capacity 3076K, committed 3120K, reserved 1048576K
Event: 6.000 GC heap after
Heap after GC invocations=8 (full 1):
 PSYoungGen      total 76800K, used 0K [0x00000000d5580000, 0x00000000dac80000, 0x0000000100000000)
  eden space 65536K, 0% used [0x00000000d5580000,0x00000000d5580000,0x00000000d9580000)
  from space 11264K, 0% used [0x00000000d9580000,0x00000000d9580000,0x00000000da080000)
  to   space 10240K, 0% used [0x00000000da080000,0x00000000da080000,0x00000000daa80000)
 ParOldGen       total 45056K, used 6615K [0x0000000080000000, 0x0000000082c00000, 0x00000000d5580000)
  object space 45056K, 14% used [0x0000000080000000,0x0000000080675f50,0x0000000082c00000)
 Metaspace       used 20566K, capacity 21212K, committed 21296K, reserved 1067008K
  class space    used 2872K, capacity 3076K, committed 3120K, reserved 1048576K
}
Event: 6.991 GC heap before
{Heap before GC invocations=9 (full 1):
 PSYoungGen      total 76800K, used 65536K [0x00000000d5580000, 0x00000000dac80000, 0x0000000100000000)
  eden space 65536K, 100% used [0x00000000d5580000,0x00000000d9580000,0x00000000d9580000)
  from space 11264K, 0% used [0x00000000d9580000,0x00000000d9580000,0x00000000da080000)
  to   space 10240K, 0% used [0x00000000da080000,0x00000000da080000,0x00000000daa80000)
 ParOldGen       total 45056K, used 6615K [0x0000000080000000, 0x0000000082c00000, 0x00000000d5580000)
  object space 45056K, 14% used [0x0000000080000000,0x0000000080675f50,0x0000000082c00000)
 Metaspace       used 28722K, capacity 29592K, committed 29872K, reserved 1075200K
  class space    used 3980K, capacity 4220K, committed 4272K, reserved 1048576K
Event: 7.000 GC heap after
Heap after GC invocations=9 (full 1):
 PSYoungGen      total 75264K, used 8472K [0x00000000d5580000, 0x00000000dea80000, 0x0000000100000000)
  eden space 65024K, 0% used [0x00000000d5580000,0x00000000d5580000,0x00000000d9500000)
  from space 10240K, 82% used [0x00000000da080000,0x00000000da8c6280,0x00000000daa80000)
  to   space 11776K, 0% used [0x00000000d9500000,0x00000000d9500000,0x00000000da080000)
 ParOldGen       total 45056K, used 6623K [0x0000000080000000, 0x0000000082c00000, 0x00000000d5580000)
  object space 45056K, 14% used [0x0000000080000000,0x0000000080677f50,0x0000000082c00000)
 Metaspace       used 28722K, capacity 29592K, committed 29872K, reserved 1075200K
  class space    used 3980K, capacity 4220K, committed 4272K, reserved 1048576K
}
Event: 7.796 GC heap before
{Heap before GC invocations=10 (full 1):
 PSYoungGen      total 75264K, used 73496K [0x00000000d5580000, 0x00000000dea80000, 0x0000000100000000)
  eden space 65024K, 100% used [0x00000000d5580000,0x00000000d9500000,0x00000000d9500000)
  from space 10240K, 82% used [0x00000000da080000,0x00000000da8c6280,0x00000000daa80000)
  to   space 11776K, 0% used [0x00000000d9500000,0x00000000d9500000,0x00000000da080000)
 ParOldGen       total 45056K, used 6623K [0x0000000080000000, 0x0000000082c00000, 0x00000000d5580000)
  object space 45056K, 14% used [0x0000000080000000,0x0000000080677f50,0x0000000082c00000)
 Metaspace       used 32930K, capacity 34000K, committed 34224K, reserved 1079296K
  class space    used 4502K, capacity 4757K, committed 4784K, reserved 1048576K
Event: 7.807 GC heap after
Heap after GC invocations=10 (full 1):
 PSYoungGen      total 76800K, used 9285K [0x00000000d5580000, 0x00000000dd200000, 0x0000000100000000)
  eden space 65024K, 0% used [0x00000000d5580000,0x00000000d5580000,0x00000000d9500000)
  from space 11776K, 78% used [0x00000000d9500000,0x00000000d9e11480,0x00000000da080000)
  to   space 12288K, 0% used [0x00000000dc600000,0x00000000dc600000,0x00000000dd200000)
 ParOldGen       total 45056K, used 6631K [0x0000000080000000, 0x0000000082c00000, 0x00000000d5580000)
  object space 45056K, 14% used [0x0000000080000000,0x0000000080679f50,0x0000000082c00000)
 Metaspace       used 32930K, capacity 34000K, committed 34224K, reserved 1079296K
  class space    used 4502K, capacity 4757K, committed 4784K, reserved 1048576K
}
Event: 8.118 GC heap before
{Heap before GC invocations=11 (full 1):
 PSYoungGen      total 76800K, used 38325K [0x00000000d5580000, 0x00000000dd200000, 0x0000000100000000)
  eden space 65024K, 44% used [0x00000000d5580000,0x00000000d71dbfa8,0x00000000d9500000)
  from space 11776K, 78% used [0x00000000d9500000,0x00000000d9e11480,0x00000000da080000)
  to   space 12288K, 0% used [0x00000000dc600000,0x00000000dc600000,0x00000000dd200000)
 ParOldGen       total 45056K, used 6631K [0x0000000080000000, 0x0000000082c00000, 0x00000000d5580000)
  object space 45056K, 14% used [0x0000000080000000,0x0000000080679f50,0x0000000082c00000)
 Metaspace       used 34358K, capacity 35408K, committed 35496K, reserved 1079296K
  class space    used 4732K, capacity 5003K, committed 5040K, reserved 1048576K
Event: 8.130 GC heap after
Heap after GC invocations=11 (full 1):
 PSYoungGen      total 113152K, used 4976K [0x00000000d5580000, 0x00000000dd080000, 0x0000000100000000)
  eden space 102400K, 0% used [0x00000000d5580000,0x00000000d5580000,0x00000000db980000)
  from space 10752K, 46% used [0x00000000dc600000,0x00000000dcadc3e8,0x00000000dd080000)
  to   space 11776K, 0% used [0x00000000db980000,0x00000000db980000,0x00000000dc500000)
 ParOldGen       total 45056K, used 9885K [0x0000000080000000, 0x0000000082c00000, 0x00000000d5580000)
  object space 45056K, 21% used [0x0000000080000000,0x00000000809a7580,0x0000000082c00000)
 Metaspace       used 34358K, capacity 35408K, committed 35496K, reserved 1079296K
  class space    used 4732K, capacity 5003K, committed 5040K, reserved 1048576K
}
Event: 8.130 GC heap before
{Heap before GC invocations=12 (full 2):
 PSYoungGen      total 113152K, used 4976K [0x00000000d5580000, 0x00000000dd080000, 0x0000000100000000)
  eden space 102400K, 0% used [0x00000000d5580000,0x00000000d5580000,0x00000000db980000)
  from space 10752K, 46% used [0x00000000dc600000,0x00000000dcadc3e8,0x00000000dd080000)
  to   space 11776K, 0% used [0x00000000db980000,0x00000000db980000,0x00000000dc500000)
 ParOldGen       total 45056K, used 9885K [0x0000000080000000, 0x0000000082c00000, 0x00000000d5580000)
  object space 45056K, 21% used [0x0000000080000000,0x00000000809a7580,0x0000000082c00000)
 Metaspace       used 34358K, capacity 35408K, committed 35496K, reserved 1079296K
  class space    used 4732K, capacity 5003K, committed 5040K, reserved 1048576K
Event: 8.298 GC heap after
Heap after GC invocations=12 (full 2):
 PSYoungGen      total 113152K, used 0K [0x00000000d5580000, 0x00000000dd080000, 0x0000000100000000)
  eden space 102400K, 0% used [0x00000000d5580000,0x00000000d5580000,0x00000000db980000)
  from space 10752K, 0% used [0x00000000dc600000,0x00000000dc600000,0x00000000dd080000)
  to   space 11776K, 0% used [0x00000000db980000,0x00000000db980000,0x00000000dc500000)
 ParOldGen       total 63488K, used 14486K [0x0000000080000000, 0x0000000083e00000, 0x00000000d5580000)
  object space 63488K, 22% used [0x0000000080000000,0x0000000080e25958,0x0000000083e00000)
 Metaspace       used 34358K, capacity 35408K, committed 35496K, reserved 1079296K
  class space    used 4732K, capacity 5003K, committed 5040K, reserved 1048576K
}

