# JRE version: OpenJDK Runtime Environment (8.0_242-b01) (build 1.8.0_242-release-1644-b01)
# Java VM: OpenJDK 64-Bit Server VM (25.242-b01 mixed mode windows-amd64 compressed oops)
Heap:
 PSYoungGen      total 608768K, used 254295K [0x00000000d5580000, 0x0000000100000000, 0x0000000100000000)
  eden space 518656K, 49% used [0x00000000d5580000,0x00000000e4dd5e28,0x00000000f5000000)
  from space 90112K, 0% used [0x00000000f5000000,0x00000000f5000000,0x00000000fa800000)
  to   space 90112K, 0% used [0x00000000fa800000,0x00000000fa800000,0x0000000100000000)
 ParOldGen       total 478720K, used 239704K [0x0000000080000000, 0x000000009d380000, 0x00000000d5580000)
  object space 478720K, 50% used [0x0000000080000000,0x000000008ea16248,0x000000009d380000)
 Metaspace       used 116585K, capacity 123028K, committed 123328K, reserved 1157120K
  class space    used 14945K, capacity 16203K, committed 16360K, reserved 1048576K
GC Heap History (10 events):
Event: 1772.971 GC heap before
{Heap before GC invocations=35 (full 5):
 PSYoungGen      total 531968K, used 482134K [0x00000000d5580000, 0x00000000fe200000, 0x0000000100000000)
  eden space 442368K, 100% used [0x00000000d5580000,0x00000000f0580000,0x00000000f0580000)
  from space 89600K, 44% used [0x00000000f0580000,0x00000000f2c55a40,0x00000000f5d00000)
  to   space 86528K, 0% used [0x00000000f8d80000,0x00000000f8d80000,0x00000000fe200000)
 ParOldGen       total 381440K, used 238516K [0x0000000080000000, 0x0000000097480000, 0x00000000d5580000)
  object space 381440K, 62% used [0x0000000080000000,0x000000008e8ed148,0x0000000097480000)
 Metaspace       used 116409K, capacity 122950K, committed 123328K, reserved 1157120K
  class space    used 14953K, capacity 16218K, committed 16360K, reserved 1048576K
Event: 1773.059 GC heap after
Heap after GC invocations=35 (full 5):
 PSYoungGen      total 558080K, used 18624K [0x00000000d5580000, 0x00000000fd380000, 0x0000000100000000)
  eden space 486400K, 0% used [0x00000000d5580000,0x00000000d5580000,0x00000000f3080000)
  from space 71680K, 25% used [0x00000000f8d80000,0x00000000f9fb01d8,0x00000000fd380000)
  to   space 83456K, 0% used [0x00000000f3080000,0x00000000f3080000,0x00000000f8200000)
 ParOldGen       total 381440K, used 238524K [0x0000000080000000, 0x0000000097480000, 0x00000000d5580000)
  object space 381440K, 62% used [0x0000000080000000,0x000000008e8ef148,0x0000000097480000)
 Metaspace       used 116409K, capacity 122950K, committed 123328K, reserved 1157120K
  class space    used 14953K, capacity 16218K, committed 16360K, reserved 1048576K
}
Event: 1774.485 GC heap before
{Heap before GC invocations=36 (full 5):
 PSYoungGen      total 558080K, used 505024K [0x00000000d5580000, 0x00000000fd380000, 0x0000000100000000)
  eden space 486400K, 100% used [0x00000000d5580000,0x00000000f3080000,0x00000000f3080000)
  from space 71680K, 25% used [0x00000000f8d80000,0x00000000f9fb01d8,0x00000000fd380000)
  to   space 83456K, 0% used [0x00000000f3080000,0x00000000f3080000,0x00000000f8200000)
 ParOldGen       total 381440K, used 238524K [0x0000000080000000, 0x0000000097480000, 0x00000000d5580000)
  object space 381440K, 62% used [0x0000000080000000,0x000000008e8ef148,0x0000000097480000)
 Metaspace       used 116468K, capacity 122962K, committed 123328K, reserved 1157120K
  class space    used 14955K, capacity 16220K, committed 16360K, reserved 1048576K
Event: 1774.569 GC heap after
Heap after GC invocations=36 (full 5):
 PSYoungGen      total 569856K, used 27246K [0x00000000d5580000, 0x0000000100000000, 0x0000000100000000)
  eden space 486400K, 0% used [0x00000000d5580000,0x00000000d5580000,0x00000000f3080000)
  from space 83456K, 32% used [0x00000000f3080000,0x00000000f4b1b948,0x00000000f8200000)
  to   space 79360K, 0% used [0x00000000fb280000,0x00000000fb280000,0x0000000100000000)
 ParOldGen       total 381440K, used 238532K [0x0000000080000000, 0x0000000097480000, 0x00000000d5580000)
  object space 381440K, 62% used [0x0000000080000000,0x000000008e8f1148,0x0000000097480000)
 Metaspace       used 116468K, capacity 122962K, committed 123328K, reserved 1157120K
  class space    used 14955K, capacity 16220K, committed 16360K, reserved 1048576K
}
Event: 1775.740 GC heap before
{Heap before GC invocations=37 (full 5):
 PSYoungGen      total 569856K, used 513513K [0x00000000d5580000, 0x0000000100000000, 0x0000000100000000)
  eden space 486400K, 99% used [0x00000000d5580000,0x00000000f305ebb0,0x00000000f3080000)
  from space 83456K, 32% used [0x00000000f3080000,0x00000000f4b1b948,0x00000000f8200000)
  to   space 79360K, 0% used [0x00000000fb280000,0x00000000fb280000,0x0000000100000000)
 ParOldGen       total 381440K, used 238788K [0x0000000080000000, 0x0000000097480000, 0x00000000d5580000)
  object space 381440K, 62% used [0x0000000080000000,0x000000008e931158,0x0000000097480000)
 Metaspace       used 116525K, capacity 123062K, committed 123328K, reserved 1157120K
  class space    used 14957K, capacity 16224K, committed 16360K, reserved 1048576K
Event: 1775.799 GC heap after
Heap after GC invocations=37 (full 5):
 PSYoungGen      total 598016K, used 73643K [0x00000000d5580000, 0x0000000100000000, 0x0000000100000000)
  eden space 518656K, 0% used [0x00000000d5580000,0x00000000d5580000,0x00000000f5000000)
  from space 79360K, 92% used [0x00000000fb280000,0x00000000ffa6af60,0x0000000100000000)
  to   space 90112K, 0% used [0x00000000f5000000,0x00000000f5000000,0x00000000fa800000)
 ParOldGen       total 381440K, used 238796K [0x0000000080000000, 0x0000000097480000, 0x00000000d5580000)
  object space 381440K, 62% used [0x0000000080000000,0x000000008e933158,0x0000000097480000)
 Metaspace       used 116525K, capacity 123062K, committed 123328K, reserved 1157120K
  class space    used 14957K, capacity 16224K, committed 16360K, reserved 1048576K
}
Event: 1778.194 GC heap before
{Heap before GC invocations=38 (full 5):
 PSYoungGen      total 598016K, used 592299K [0x00000000d5580000, 0x0000000100000000, 0x0000000100000000)
  eden space 518656K, 100% used [0x00000000d5580000,0x00000000f5000000,0x00000000f5000000)
  from space 79360K, 92% used [0x00000000fb280000,0x00000000ffa6af60,0x0000000100000000)
  to   space 90112K, 0% used [0x00000000f5000000,0x00000000f5000000,0x00000000fa800000)
 ParOldGen       total 381440K, used 239054K [0x0000000080000000, 0x0000000097480000, 0x00000000d5580000)
  object space 381440K, 62% used [0x0000000080000000,0x000000008e973888,0x0000000097480000)
 Metaspace       used 116546K, capacity 123068K, committed 123328K, reserved 1157120K
  class space    used 14958K, capacity 16225K, committed 16360K, reserved 1048576K
Event: 1778.371 GC heap after
Heap after GC invocations=38 (full 5):
 PSYoungGen      total 608768K, used 90082K [0x00000000d5580000, 0x0000000100000000, 0x0000000100000000)
  eden space 518656K, 0% used [0x00000000d5580000,0x00000000d5580000,0x00000000f5000000)
  from space 90112K, 99% used [0x00000000f5000000,0x00000000fa7f89e8,0x00000000fa800000)
  to   space 90112K, 0% used [0x00000000fa800000,0x00000000fa800000,0x0000000100000000)
 ParOldGen       total 381440K, used 323307K [0x0000000080000000, 0x0000000097480000, 0x00000000d5580000)
  object space 381440K, 84% used [0x0000000080000000,0x0000000093bbaca0,0x0000000097480000)
 Metaspace       used 116546K, capacity 123068K, committed 123328K, reserved 1157120K
  class space    used 14958K, capacity 16225K, committed 16360K, reserved 1048576K
}
Event: 1778.372 GC heap before
{Heap before GC invocations=39 (full 6):
 PSYoungGen      total 608768K, used 90082K [0x00000000d5580000, 0x0000000100000000, 0x0000000100000000)
  eden space 518656K, 0% used [0x00000000d5580000,0x00000000d5580000,0x00000000f5000000)
  from space 90112K, 99% used [0x00000000f5000000,0x00000000fa7f89e8,0x00000000fa800000)
  to   space 90112K, 0% used [0x00000000fa800000,0x00000000fa800000,0x0000000100000000)
 ParOldGen       total 381440K, used 323307K [0x0000000080000000, 0x0000000097480000, 0x00000000d5580000)
  object space 381440K, 84% used [0x0000000080000000,0x0000000093bbaca0,0x0000000097480000)
 Metaspace       used 116546K, capacity 123068K, committed 123328K, reserved 1157120K
  class space    used 14958K, capacity 16225K, committed 16360K, reserved 1048576K
Event: 1780.351 GC heap after
Heap after GC invocations=39 (full 6):
 PSYoungGen      total 608768K, used 0K [0x00000000d5580000, 0x0000000100000000, 0x0000000100000000)
  eden space 518656K, 0% used [0x00000000d5580000,0x00000000d5580000,0x00000000f5000000)
  from space 90112K, 0% used [0x00000000f5000000,0x00000000f5000000,0x00000000fa800000)
  to   space 90112K, 0% used [0x00000000fa800000,0x00000000fa800000,0x0000000100000000)
 ParOldGen       total 478720K, used 239704K [0x0000000080000000, 0x000000009d380000, 0x00000000d5580000)
  object space 478720K, 50% used [0x0000000080000000,0x000000008ea16248,0x000000009d380000)
 Metaspace       used 116494K, capacity 122940K, committed 123328K, reserved 1157120K
  class space    used 14943K, capacity 16199K, committed 16360K, reserved 1048576K
}

