# JRE version: OpenJDK Runtime Environment (8.0_242-b01) (build 1.8.0_242-release-1644-b01)
# Java VM: OpenJDK 64-Bit Server VM (25.242-b01 mixed mode windows-amd64 compressed oops)
Heap:
 PSYoungGen      total 118272K, used 79662K [0x00000000d5580000, 0x00000000dd580000, 0x0000000100000000)
  eden space 106496K, 74% used [0x00000000d5580000,0x00000000da34b8f8,0x00000000dbd80000)
  from space 11776K, 0% used [0x00000000dbd80000,0x00000000dbd80000,0x00000000dc900000)
  to   space 11264K, 0% used [0x00000000dc900000,0x00000000dc900000,0x00000000dd400000)
 ParOldGen       total 58368K, used 14575K [0x0000000080000000, 0x0000000083900000, 0x00000000d5580000)
  object space 58368K, 24% used [0x0000000080000000,0x0000000080e3bdf8,0x0000000083900000)
 Metaspace       used 36369K, capacity 37862K, committed 38184K, reserved 1081344K
  class space    used 4994K, capacity 5338K, committed 5424K, reserved 1048576K
GC Heap History (10 events):
Event: 5.195 GC heap before
{Heap before GC invocations=7 (full 1):
 PSYoungGen      total 75776K, used 8592K [0x00000000d5580000, 0x00000000dac80000, 0x0000000100000000)
  eden space 65536K, 0% used [0x00000000d5580000,0x00000000d5580000,0x00000000d9580000)
  from space 10240K, 83% used [0x00000000da080000,0x00000000da8e42f0,0x00000000daa80000)
  to   space 11264K, 0% used [0x00000000d9580000,0x00000000d9580000,0x00000000da080000)
 ParOldGen       total 87552K, used 6775K [0x0000000080000000, 0x0000000085580000, 0x00000000d5580000)
  object space 87552K, 7% used [0x0000000080000000,0x000000008069df30,0x0000000085580000)
 Metaspace       used 20551K, capacity 21212K, committed 21296K, reserved 1067008K
  class space    used 2871K, capacity 3076K, committed 3120K, reserved 1048576K
Event: 5.242 GC heap after
Heap after GC invocations=7 (full 1):
 PSYoungGen      total 75776K, used 0K [0x00000000d5580000, 0x00000000dac80000, 0x0000000100000000)
  eden space 65536K, 0% used [0x00000000d5580000,0x00000000d5580000,0x00000000d9580000)
  from space 10240K, 0% used [0x00000000da080000,0x00000000da080000,0x00000000daa80000)
  to   space 11264K, 0% used [0x00000000d9580000,0x00000000d9580000,0x00000000da080000)
 ParOldGen       total 58368K, used 9073K [0x0000000080000000, 0x0000000083900000, 0x00000000d5580000)
  object space 58368K, 15% used [0x0000000080000000,0x00000000808dc6d8,0x0000000083900000)
 Metaspace       used 20551K, capacity 21212K, committed 21296K, reserved 1067008K
  class space    used 2871K, capacity 3076K, committed 3120K, reserved 1048576K
}
Event: 6.117 GC heap before
{Heap before GC invocations=8 (full 1):
 PSYoungGen      total 75776K, used 65536K [0x00000000d5580000, 0x00000000dac80000, 0x0000000100000000)
  eden space 65536K, 100% used [0x00000000d5580000,0x00000000d9580000,0x00000000d9580000)
  from space 10240K, 0% used [0x00000000da080000,0x00000000da080000,0x00000000daa80000)
  to   space 11264K, 0% used [0x00000000d9580000,0x00000000d9580000,0x00000000da080000)
 ParOldGen       total 58368K, used 9073K [0x0000000080000000, 0x0000000083900000, 0x00000000d5580000)
  object space 58368K, 15% used [0x0000000080000000,0x00000000808dc6d8,0x0000000083900000)
 Metaspace       used 28678K, capacity 29528K, committed 29616K, reserved 1075200K
  class space    used 3970K, capacity 4220K, committed 4272K, reserved 1048576K
Event: 6.129 GC heap after
Heap after GC invocations=8 (full 1):
 PSYoungGen      total 76800K, used 8371K [0x00000000d5580000, 0x00000000dd400000, 0x0000000100000000)
  eden space 65536K, 0% used [0x00000000d5580000,0x00000000d5580000,0x00000000d9580000)
  from space 11264K, 74% used [0x00000000d9580000,0x00000000d9dacfa8,0x00000000da080000)
  to   space 11264K, 0% used [0x00000000dc900000,0x00000000dc900000,0x00000000dd400000)
 ParOldGen       total 58368K, used 9081K [0x0000000080000000, 0x0000000083900000, 0x00000000d5580000)
  object space 58368K, 15% used [0x0000000080000000,0x00000000808de6d8,0x0000000083900000)
 Metaspace       used 28678K, capacity 29528K, committed 29616K, reserved 1075200K
  class space    used 3970K, capacity 4220K, committed 4272K, reserved 1048576K
}
Event: 6.974 GC heap before
{Heap before GC invocations=9 (full 1):
 PSYoungGen      total 76800K, used 73907K [0x00000000d5580000, 0x00000000dd400000, 0x0000000100000000)
  eden space 65536K, 100% used [0x00000000d5580000,0x00000000d9580000,0x00000000d9580000)
  from space 11264K, 74% used [0x00000000d9580000,0x00000000d9dacfa8,0x00000000da080000)
  to   space 11264K, 0% used [0x00000000dc900000,0x00000000dc900000,0x00000000dd400000)
 ParOldGen       total 58368K, used 9081K [0x0000000080000000, 0x0000000083900000, 0x00000000d5580000)
  object space 58368K, 15% used [0x0000000080000000,0x00000000808de6d8,0x0000000083900000)
 Metaspace       used 32938K, capacity 34000K, committed 34224K, reserved 1079296K
  class space    used 4491K, capacity 4757K, committed 4784K, reserved 1048576K
Event: 6.989 GC heap after
Heap after GC invocations=9 (full 1):
 PSYoungGen      total 117760K, used 9246K [0x00000000d5580000, 0x00000000dd580000, 0x0000000100000000)
  eden space 106496K, 0% used [0x00000000d5580000,0x00000000d5580000,0x00000000dbd80000)
  from space 11264K, 82% used [0x00000000dc900000,0x00000000dd207970,0x00000000dd400000)
  to   space 11776K, 0% used [0x00000000dbd80000,0x00000000dbd80000,0x00000000dc900000)
 ParOldGen       total 58368K, used 9089K [0x0000000080000000, 0x0000000083900000, 0x00000000d5580000)
  object space 58368K, 15% used [0x0000000080000000,0x00000000808e06d8,0x0000000083900000)
 Metaspace       used 32938K, capacity 34000K, committed 34224K, reserved 1079296K
  class space    used 4491K, capacity 4757K, committed 4784K, reserved 1048576K
}
Event: 7.265 GC heap before
{Heap before GC invocations=10 (full 1):
 PSYoungGen      total 117760K, used 37781K [0x00000000d5580000, 0x00000000dd580000, 0x0000000100000000)
  eden space 106496K, 26% used [0x00000000d5580000,0x00000000d715dae0,0x00000000dbd80000)
  from space 11264K, 82% used [0x00000000dc900000,0x00000000dd207970,0x00000000dd400000)
  to   space 11776K, 0% used [0x00000000dbd80000,0x00000000dbd80000,0x00000000dc900000)
 ParOldGen       total 58368K, used 9089K [0x0000000080000000, 0x0000000083900000, 0x00000000d5580000)
  object space 58368K, 15% used [0x0000000080000000,0x00000000808e06d8,0x0000000083900000)
 Metaspace       used 34341K, capacity 35408K, committed 35496K, reserved 1079296K
  class space    used 4720K, capacity 5003K, committed 5040K, reserved 1048576K
Event: 7.276 GC heap after
Heap after GC invocations=10 (full 1):
 PSYoungGen      total 118272K, used 8164K [0x00000000d5580000, 0x00000000dd580000, 0x0000000100000000)
  eden space 106496K, 0% used [0x00000000d5580000,0x00000000d5580000,0x00000000dbd80000)
  from space 11776K, 69% used [0x00000000dbd80000,0x00000000dc5790c0,0x00000000dc900000)
  to   space 11264K, 0% used [0x00000000dc900000,0x00000000dc900000,0x00000000dd400000)
 ParOldGen       total 58368K, used 9097K [0x0000000080000000, 0x0000000083900000, 0x00000000d5580000)
  object space 58368K, 15% used [0x0000000080000000,0x00000000808e26d8,0x0000000083900000)
 Metaspace       used 34341K, capacity 35408K, committed 35496K, reserved 1079296K
  class space    used 4720K, capacity 5003K, committed 5040K, reserved 1048576K
}
Event: 7.276 GC heap before
{Heap before GC invocations=11 (full 2):
 PSYoungGen      total 118272K, used 8164K [0x00000000d5580000, 0x00000000dd580000, 0x0000000100000000)
  eden space 106496K, 0% used [0x00000000d5580000,0x00000000d5580000,0x00000000dbd80000)
  from space 11776K, 69% used [0x00000000dbd80000,0x00000000dc5790c0,0x00000000dc900000)
  to   space 11264K, 0% used [0x00000000dc900000,0x00000000dc900000,0x00000000dd400000)
 ParOldGen       total 58368K, used 9097K [0x0000000080000000, 0x0000000083900000, 0x00000000d5580000)
  object space 58368K, 15% used [0x0000000080000000,0x00000000808e26d8,0x0000000083900000)
 Metaspace       used 34341K, capacity 35408K, committed 35496K, reserved 1079296K
  class space    used 4720K, capacity 5003K, committed 5040K, reserved 1048576K
Event: 7.331 GC heap after
Heap after GC invocations=11 (full 2):
 PSYoungGen      total 118272K, used 0K [0x00000000d5580000, 0x00000000dd580000, 0x0000000100000000)
  eden space 106496K, 0% used [0x00000000d5580000,0x00000000d5580000,0x00000000dbd80000)
  from space 11776K, 0% used [0x00000000dbd80000,0x00000000dbd80000,0x00000000dc900000)
  to   space 11264K, 0% used [0x00000000dc900000,0x00000000dc900000,0x00000000dd400000)
 ParOldGen       total 58368K, used 14575K [0x0000000080000000, 0x0000000083900000, 0x00000000d5580000)
  object space 58368K, 24% used [0x0000000080000000,0x0000000080e3bdf8,0x0000000083900000)
 Metaspace       used 34341K, capacity 35408K, committed 35496K, reserved 1079296K
  class space    used 4720K, capacity 5003K, committed 5040K, reserved 1048576K
}

